<?xml version="1.0" encoding="UTF-8"?>
<!-- Generated by org.testng.reporters.JUnitReportReporter -->
<testsuite hostname="Avalon-PC" name="com.TestNG.Annotations3" tests="2" failures="0" timestamp="25 Oct 2017 03:58:48 GMT" time="0.019" errors="0">
  <testcase name="SentMail" time="0.002" classname="com.TestNG.Annotations3"/>
  <testcase name="Compose" time="0.017" classname="com.TestNG.Annotations3"/>
</testsuite> <!-- com.TestNG.Annotations3 -->
