<?xml version="1.0" encoding="UTF-8"?>
<!-- Generated by org.testng.reporters.JUnitReportReporter -->
<testsuite hostname="Avalon-PC" name="com.NewToursCountry.CapturingCountryNames_RegisterWebPageToExcel" tests="2" failures="0" timestamp="31 Oct 2017 15:11:33 GMT" time="16.120" errors="0">
  <testcase name="Register" time="0.289" classname="com.NewToursCountry.CapturingCountryNames_RegisterWebPageToExcel"/>
  <testcase name="CountryNames" time="15.831" classname="com.NewToursCountry.CapturingCountryNames_RegisterWebPageToExcel"/>
</testsuite> <!-- com.NewToursCountry.CapturingCountryNames_RegisterWebPageToExcel -->
