<?xml version="1.0" encoding="UTF-8"?>
<!-- Generated by org.testng.reporters.JUnitReportReporter -->
<testsuite hostname="Avalon-PC" name="com.DataDrivenTesting.NewToursUserRegistration" tests="2" failures="0" timestamp="16 Nov 2017 16:46:24 GMT" time="12.950" errors="0">
  <testcase name="UserCreation" time="12.470" classname="com.DataDrivenTesting.NewToursUserRegistration"/>
  <testcase name="Register" time="0.480" classname="com.DataDrivenTesting.NewToursUserRegistration"/>
</testsuite> <!-- com.DataDrivenTesting.NewToursUserRegistration -->
