<?xml version="1.0" encoding="UTF-8"?>
<!-- Generated by org.testng.reporters.JUnitReportReporter -->
<testsuite hostname="Avalon-PC" name="com.TestNG.Annotations2" tests="2" failures="0" timestamp="25 Oct 2017 03:52:44 GMT" time="0.011" errors="0">
  <testcase name="SentMail" time="0.002" classname="com.TestNG.Annotations2"/>
  <testcase name="Compose" time="0.009" classname="com.TestNG.Annotations2"/>
</testsuite> <!-- com.TestNG.Annotations2 -->
