<?xml version="1.0" encoding="UTF-8"?>
<!-- Generated by org.testng.reporters.JUnitReportReporter -->
<testsuite hostname="Avalon-PC" name="com.TestNG.Annotations1" tests="4" failures="0" timestamp="25 Oct 2017 03:46:49 GMT" time="0.029" errors="0">
  <testcase name="ApplicationLaunch" time="0.023" classname="com.TestNG.Annotations1"/>
  <testcase name="Compose" time="0.002" classname="com.TestNG.Annotations1"/>
  <testcase name="Login" time="0.002" classname="com.TestNG.Annotations1"/>
  <testcase name="SentMail" time="0.002" classname="com.TestNG.Annotations1"/>
</testsuite> <!-- com.TestNG.Annotations1 -->
