<?xml version="1.0" encoding="UTF-8"?>
<!-- Generated by org.testng.reporters.JUnitReportReporter -->
<testsuite hostname="Avalon-PC" name="com.NewToursCountry.CapturingCountryNames_RegisterWebPage" tests="2" failures="0" timestamp="30 Oct 2017 15:36:56 GMT" time="4.861" errors="0">
  <testcase name="CountryNames" time="4.572" classname="com.NewToursCountry.CapturingCountryNames_RegisterWebPage"/>
  <testcase name="Register" time="0.289" classname="com.NewToursCountry.CapturingCountryNames_RegisterWebPage"/>
</testsuite> <!-- com.NewToursCountry.CapturingCountryNames_RegisterWebPage -->
